<?xml version="1.0" encoding="UTF-8"?>
<!-- Generated by org.testng.reporters.JUnitXMLReporter -->
<testsuite ignored="0" hostname="DESKTOP-TNIHHLG" failures="1" tests="1" name="EdgeTest" time="15.967" errors="0" timestamp="2023-02-18T01:01:24 IST">
  <testcase classname="testCases.TC_001_AccountRegistrationTest1" name="test_account_Registration" time="5.95">
    <failure type="java.lang.AssertionError" message="null">
      <![CDATA[java.lang.AssertionError: null
at testCases.TC_001_AccountRegistrationTest1.test_account_Registration(TC_001_AccountRegistrationTest1.java:59)
at java.base/java.util.ArrayList.forEach(ArrayList.java:1511)
... Removed 27 stack frames]]>
    </failure>
  </testcase> <!-- test_account_Registration -->
</testsuite> <!-- EdgeTest -->
